C:\USERS\YOYOYO\DOCUMENTS\VISUAL STUDIO 2012\PROJECTS\DLL\CONSOLEAPPLICATION1\RELEASE\CONSOLEAPPLICATION1.PCH
C:\USERS\YOYOYO\DOCUMENTS\VISUAL STUDIO 2012\PROJECTS\DLL\CONSOLEAPPLICATION1\RELEASE\STDAFX.OBJ
C:\USERS\YOYOYO\DOCUMENTS\VISUAL STUDIO 2012\PROJECTS\DLL\CONSOLEAPPLICATION1\RELEASE\VC110.PDB
C:\USERS\YOYOYO\DOCUMENTS\VISUAL STUDIO 2012\PROJECTS\DLL\CONSOLEAPPLICATION1\RELEASE\CONSOLEAPPLICATION1.OBJ
C:\USERS\YOYOYO\DOCUMENTS\VISUAL STUDIO 2012\PROJECTS\DLL\CONSOLEAPPLICATION1\RELEASE\DLLMAIN.OBJ
C:\USERS\YOYOYO\DOCUMENTS\VISUAL STUDIO 2012\PROJECTS\DLL\RELEASE\CONSOLEAPPLICATION1.DLL
C:\USERS\YOYOYO\DOCUMENTS\VISUAL STUDIO 2012\PROJECTS\DLL\RELEASE\CONSOLEAPPLICATION1.PDB
c:\Users\yoyoyo\documents\visual studio 2012\Projects\Dll\ConsoleApplication1\Release\ConsoleApplication1.obj
c:\Users\yoyoyo\documents\visual studio 2012\Projects\Dll\ConsoleApplication1\Release\dllmain.obj
c:\Users\yoyoyo\documents\visual studio 2012\Projects\Dll\ConsoleApplication1\Release\stdafx.obj
c:\Users\yoyoyo\documents\visual studio 2012\Projects\Dll\ConsoleApplication1\Release\cl.command.1.tlog
c:\Users\yoyoyo\documents\visual studio 2012\Projects\Dll\ConsoleApplication1\Release\CL.read.1.tlog
c:\Users\yoyoyo\documents\visual studio 2012\Projects\Dll\ConsoleApplication1\Release\CL.write.1.tlog
c:\Users\yoyoyo\documents\visual studio 2012\Projects\Dll\ConsoleApplication1\Release\link-cvtres.read.1.tlog
c:\Users\yoyoyo\documents\visual studio 2012\Projects\Dll\ConsoleApplication1\Release\link-cvtres.write.1.tlog
c:\Users\yoyoyo\documents\visual studio 2012\Projects\Dll\ConsoleApplication1\Release\link-rc.read.1.tlog
c:\Users\yoyoyo\documents\visual studio 2012\Projects\Dll\ConsoleApplication1\Release\link-rc.write.1.tlog
c:\Users\yoyoyo\documents\visual studio 2012\Projects\Dll\ConsoleApplication1\Release\link.command.1.tlog
c:\Users\yoyoyo\documents\visual studio 2012\Projects\Dll\ConsoleApplication1\Release\link.read.1.tlog
c:\Users\yoyoyo\documents\visual studio 2012\Projects\Dll\ConsoleApplication1\Release\link.write.1.tlog
c:\Users\yoyoyo\documents\visual studio 2012\Projects\Dll\ConsoleApplication1\Release\ConsoleApplication1.pch
c:\Users\yoyoyo\documents\visual studio 2012\Projects\Dll\ConsoleApplication1\Release\vc110.pdb
c:\users\yoyoyo\documents\visual studio 2012\Projects\Dll\Release\ConsoleApplication1.pdb
c:\users\yoyoyo\documents\visual studio 2012\Projects\Dll\Release\ConsoleApplication1.dll
