C:\USERS\YOYOYO\DOCUMENTS\VISUAL STUDIO 2012\PROJECTS\DLL\CONSOLEAPPLICATION1\DEBUG\CONSOLEAPPLICATION1.PCH
C:\USERS\YOYOYO\DOCUMENTS\VISUAL STUDIO 2012\PROJECTS\DLL\CONSOLEAPPLICATION1\DEBUG\STDAFX.OBJ
C:\USERS\YOYOYO\DOCUMENTS\VISUAL STUDIO 2012\PROJECTS\DLL\CONSOLEAPPLICATION1\DEBUG\VC110.PDB
C:\USERS\YOYOYO\DOCUMENTS\VISUAL STUDIO 2012\PROJECTS\DLL\CONSOLEAPPLICATION1\DEBUG\CONSOLEAPPLICATION1.OBJ
C:\USERS\YOYOYO\DOCUMENTS\VISUAL STUDIO 2012\PROJECTS\DLL\CONSOLEAPPLICATION1\DEBUG\DLLMAIN.OBJ
C:\USERS\YOYOYO\DOCUMENTS\VISUAL STUDIO 2012\PROJECTS\DLL\DEBUG\CONSOLEAPPLICATION1.ILK
C:\USERS\YOYOYO\DOCUMENTS\VISUAL STUDIO 2012\PROJECTS\DLL\DEBUG\CONSOLEAPPLICATION1.DLL
C:\USERS\YOYOYO\DOCUMENTS\VISUAL STUDIO 2012\PROJECTS\DLL\DEBUG\CONSOLEAPPLICATION1.PDB
c:\Users\yoyoyo\documents\visual studio 2012\Projects\Dll\ConsoleApplication1\Debug\ConsoleApplication1.obj
c:\Users\yoyoyo\documents\visual studio 2012\Projects\Dll\ConsoleApplication1\Debug\dllmain.obj
c:\Users\yoyoyo\documents\visual studio 2012\Projects\Dll\ConsoleApplication1\Debug\stdafx.obj
c:\Users\yoyoyo\documents\visual studio 2012\Projects\Dll\ConsoleApplication1\Debug\cl.command.1.tlog
c:\Users\yoyoyo\documents\visual studio 2012\Projects\Dll\ConsoleApplication1\Debug\CL.read.1.tlog
c:\Users\yoyoyo\documents\visual studio 2012\Projects\Dll\ConsoleApplication1\Debug\CL.write.1.tlog
c:\Users\yoyoyo\documents\visual studio 2012\Projects\Dll\ConsoleApplication1\Debug\link-cvtres.read.1.tlog
c:\Users\yoyoyo\documents\visual studio 2012\Projects\Dll\ConsoleApplication1\Debug\link-cvtres.write.1.tlog
c:\Users\yoyoyo\documents\visual studio 2012\Projects\Dll\ConsoleApplication1\Debug\link-rc.read.1.tlog
c:\Users\yoyoyo\documents\visual studio 2012\Projects\Dll\ConsoleApplication1\Debug\link-rc.write.1.tlog
c:\Users\yoyoyo\documents\visual studio 2012\Projects\Dll\ConsoleApplication1\Debug\link.command.1.tlog
c:\Users\yoyoyo\documents\visual studio 2012\Projects\Dll\ConsoleApplication1\Debug\link.read.1.tlog
c:\Users\yoyoyo\documents\visual studio 2012\Projects\Dll\ConsoleApplication1\Debug\link.write.1.tlog
c:\Users\yoyoyo\documents\visual studio 2012\Projects\Dll\ConsoleApplication1\Debug\ConsoleApplication1.pch
c:\Users\yoyoyo\documents\visual studio 2012\Projects\Dll\ConsoleApplication1\Debug\vc110.idb
c:\Users\yoyoyo\documents\visual studio 2012\Projects\Dll\ConsoleApplication1\Debug\vc110.pdb
c:\users\yoyoyo\documents\visual studio 2012\Projects\Dll\Debug\ConsoleApplication1.pdb
c:\users\yoyoyo\documents\visual studio 2012\Projects\Dll\Debug\ConsoleApplication1.dll
c:\users\yoyoyo\documents\visual studio 2012\Projects\Dll\Debug\ConsoleApplication1.ilk
